[ 20%] Built target compression_backends
[ 35%] Building CXX object vk_symbiote/CMakeFiles/vk_symbiote.dir/src/ShaderRuntime.cpp.o
[ 35%] Building CXX object vk_symbiote/CMakeFiles/vk_symbiote.dir/src/VulkanSymbioteEngine.cpp.o
[ 35%] Building CXX object vk_symbiote/CMakeFiles/vk_symbiote.dir/src/NomadPack.cpp.o
[ 40%] Building CXX object vk_symbiote/CMakeFiles/vk_symbiote.dir/src/Tokenizer.cpp.o
In file included from /media/michael/external/Vulkan-Symbiote-Loader/vk_symbiote/src/NomadPack.cpp:26:
/media/michael/external/Vulkan-Symbiote-Loader/vk_symbiote/src/../../compression/include/Blosc2Compression.h: In member function ‘virtual bool compression::Blosc2Compression::compress(const void*, size_t, std::vector<unsigned char>&)’:
/media/michael/external/Vulkan-Symbiote-Loader/vk_symbiote/src/../../compression/include/Blosc2Compression.h:20:35: warning: unused parameter ‘src’ [-Wunused-parameter]
   20 |         bool compress(const void* src, size_t src_size, std::vector<uint8_t>& out) override { return false; }
      |                       ~~~~~~~~~~~~^~~
/media/michael/external/Vulkan-Symbiote-Loader/vk_symbiote/src/../../compression/include/Blosc2Compression.h:20:47: warning: unused parameter ‘src_size’ [-Wunused-parameter]
   20 |         bool compress(const void* src, size_t src_size, std::vector<uint8_t>& out) override { return false; }
      |                                        ~~~~~~~^~~~~~~~
/media/michael/external/Vulkan-Symbiote-Loader/vk_symbiote/src/../../compression/include/Blosc2Compression.h:20:79: warning: unused parameter ‘out’ [-Wunused-parameter]
   20 |         bool compress(const void* src, size_t src_size, std::vector<uint8_t>& out) override { return false; }
      |                                                         ~~~~~~~~~~~~~~~~~~~~~~^~~
/media/michael/external/Vulkan-Symbiote-Loader/vk_symbiote/src/../../compression/include/Blosc2Compression.h: In member function ‘virtual bool compression::Blosc2Compression::decompress(const uint8_t*, size_t, size_t, void*)’:
/media/michael/external/Vulkan-Symbiote-Loader/vk_symbiote/src/../../compression/include/Blosc2Compression.h:21:40: warning: unused parameter ‘src_data’ [-Wunused-parameter]
   21 |         bool decompress(const uint8_t* src_data, size_t src_size, size_t decompressed_size, void* dst) override { return false; }
      |                         ~~~~~~~~~~~~~~~^~~~~~~~
/media/michael/external/Vulkan-Symbiote-Loader/vk_symbiote/src/../../compression/include/Blosc2Compression.h:21:57: warning: unused parameter ‘src_size’ [-Wunused-parameter]
   21 |         bool decompress(const uint8_t* src_data, size_t src_size, size_t decompressed_size, void* dst) override { return false; }
      |                                                  ~~~~~~~^~~~~~~~
/media/michael/external/Vulkan-Symbiote-Loader/vk_symbiote/src/../../compression/include/Blosc2Compression.h:21:74: warning: unused parameter ‘decompressed_size’ [-Wunused-parameter]
   21 |         bool decompress(const uint8_t* src_data, size_t src_size, size_t decompressed_size, void* dst) override { return false; }
      |                                                                   ~~~~~~~^~~~~~~~~~~~~~~~~
/media/michael/external/Vulkan-Symbiote-Loader/vk_symbiote/src/../../compression/include/Blosc2Compression.h:21:99: warning: unused parameter ‘dst’ [-Wunused-parameter]
   21 |         bool decompress(const uint8_t* src_data, size_t src_size, size_t decompressed_size, void* dst) override { return false; }
      |                                                                                             ~~~~~~^~~
/media/michael/external/Vulkan-Symbiote-Loader/vk_symbiote/src/Tokenizer.cpp: In static member function ‘static std::unique_ptr<vk_symbiote::Tokenizer> vk_symbiote::Tokenizer::from_gguf(const std::filesystem::__cxx11::path&)’:
/media/michael/external/Vulkan-Symbiote-Loader/vk_symbiote/src/Tokenizer.cpp:95:16: warning: unused variable ‘vocab_size’ [-Wunused-variable]
   95 |         size_t vocab_size = vocab_list.size();
      |                ^~~~~~~~~~
/media/michael/external/Vulkan-Symbiote-Loader/vk_symbiote/src/ShaderRuntime.cpp: In member function ‘void vk_symbiote::CooperativeMatrixManager::query_capabilities()’:
/media/michael/external/Vulkan-Symbiote-Loader/vk_symbiote/src/ShaderRuntime.cpp:215:22: error: ‘const struct VkCooperativeMatrixPropertiesKHR’ has no member named ‘Atype’; did you mean ‘AType’?
  215 |             if (prop.Atype == VK_COMPONENT_TYPE_FLOAT16_KHR) {
      |                      ^~~~~
      |                      AType
/media/michael/external/Vulkan-Symbiote-Loader/vk_symbiote/src/ShaderRuntime.cpp: In member function ‘vk_symbiote::TuningConfig vk_symbiote::AutoTuner::auto_tune_full()’:
/media/michael/external/Vulkan-Symbiote-Loader/vk_symbiote/src/ShaderRuntime.cpp:335:41: error: ‘VkPhysicalDeviceLimits’ {aka ‘struct VkPhysicalDeviceLimits’} has no member named ‘shaderFloat64’
  335 |         config.use_fp16 = (props.limits.shaderFloat64 != 0) &&
      |                                         ^~~~~~~~~~~~~
/media/michael/external/Vulkan-Symbiote-Loader/vk_symbiote/src/ShaderRuntime.cpp: In member function ‘double vk_symbiote::AutoTuner::benchmark_workgroup(uint32_t, uint32_t, uint32_t, uint32_t, uint32_t)’:
/media/michael/external/Vulkan-Symbiote-Loader/vk_symbiote/src/ShaderRuntime.cpp:367:66: warning: unused parameter ‘m’ [-Wunused-parameter]
  367 |     double benchmark_workgroup(uint32_t workgroup_size, uint32_t m, uint32_t n, uint32_t k, uint32_t iterations) {
      |                                                         ~~~~~~~~~^
/media/michael/external/Vulkan-Symbiote-Loader/vk_symbiote/src/ShaderRuntime.cpp:367:78: warning: unused parameter ‘n’ [-Wunused-parameter]
  367 |     double benchmark_workgroup(uint32_t workgroup_size, uint32_t m, uint32_t n, uint32_t k, uint32_t iterations) {
      |                                                                     ~~~~~~~~~^
/media/michael/external/Vulkan-Symbiote-Loader/vk_symbiote/src/ShaderRuntime.cpp:367:90: warning: unused parameter ‘k’ [-Wunused-parameter]
  367 |     double benchmark_workgroup(uint32_t workgroup_size, uint32_t m, uint32_t n, uint32_t k, uint32_t iterations) {
      |                                                                                 ~~~~~~~~~^
/media/michael/external/Vulkan-Symbiote-Loader/vk_symbiote/src/ShaderRuntime.cpp:367:102: warning: unused parameter ‘iterations’ [-Wunused-parameter]
  367 |     double benchmark_workgroup(uint32_t workgroup_size, uint32_t m, uint32_t n, uint32_t k, uint32_t iterations) {
      |                                                                                             ~~~~~~~~~^~~~~~~~~~
/media/michael/external/Vulkan-Symbiote-Loader/vk_symbiote/src/VulkanSymbioteEngine.cpp: In member function ‘vk_symbiote::ExpectedVoid vk_symbiote::VulkanSymbioteEngine::initialize_vulkan()’:
/media/michael/external/Vulkan-Symbiote-Loader/vk_symbiote/src/VulkanSymbioteEngine.cpp:300:11: warning: unused variable ‘config’ [-Wunused-variable]
  300 |     auto& config = ConfigManager::instance();
      |           ^~~~~~
/media/michael/external/Vulkan-Symbiote-Loader/vk_symbiote/src/VulkanSymbioteEngine.cpp: In member function ‘std::string vk_symbiote::VulkanSymbioteEngine::generate(const std::string&, uint32_t, float)’:
/media/michael/external/Vulkan-Symbiote-Loader/vk_symbiote/src/VulkanSymbioteEngine.cpp:461:14: warning: unused variable ‘start_time’ [-Wunused-variable]
  461 |     uint64_t start_time = get_current_time_ns();
      |              ^~~~~~~~~~
/media/michael/external/Vulkan-Symbiote-Loader/vk_symbiote/src/VulkanSymbioteEngine.cpp: In member function ‘vk_symbiote::Expected<std::vector<float> > vk_symbiote::VulkanSymbioteEngine::forward_layer_with_kv(const std::vector<float>&, uint32_t)’:
/media/michael/external/Vulkan-Symbiote-Loader/vk_symbiote/src/VulkanSymbioteEngine.cpp:555:69: error: cannot convert ‘const vk_symbiote::KVCacheManager::KVCacheEntry’ to ‘const vk_symbiote::KVCacheEntry&’
  555 |     auto attn_out = attention_with_cache(normed.value(), layer_idx, kv_cache);
      |                                                                     ^~~~~~~~
      |                                                                     |
      |                                                                     const vk_symbiote::KVCacheManager::KVCacheEntry
In file included from /media/michael/external/Vulkan-Symbiote-Loader/vk_symbiote/src/VulkanSymbioteEngine.cpp:2:
/media/michael/external/Vulkan-Symbiote-Loader/vk_symbiote/include/vk_symbiote/VulkanSymbioteEngine.h:148:83: note:   initializing argument 3 of ‘vk_symbiote::Expected<std::vector<float> > vk_symbiote::VulkanSymbioteEngine::attention_with_cache(const std::vector<float>&, uint32_t, const vk_symbiote::KVCacheEntry&)’
  148 |                                                        const struct KVCacheEntry& kv_cache);
      |                                                        ~~~~~~~~~~~~~~~~~~~~~~~~~~~^~~~~~~~
/media/michael/external/Vulkan-Symbiote-Loader/vk_symbiote/src/VulkanSymbioteEngine.cpp: At global scope:
/media/michael/external/Vulkan-Symbiote-Loader/vk_symbiote/src/VulkanSymbioteEngine.cpp:568:30: error: no declaration matches ‘vk_symbiote::Expected<std::vector<float> > vk_symbiote::VulkanSymbioteEngine::attention_with_cache(const std::vector<float>&, uint32_t, const vk_symbiote::KVCacheManager::KVCacheEntry&)’
  568 | Expected<std::vector<float>> VulkanSymbioteEngine::attention_with_cache(
      |                              ^~~~~~~~~~~~~~~~~~~~
/media/michael/external/Vulkan-Symbiote-Loader/vk_symbiote/include/vk_symbiote/VulkanSymbioteEngine.h:147:34: note: candidate is: ‘vk_symbiote::Expected<std::vector<float> > vk_symbiote::VulkanSymbioteEngine::attention_with_cache(const std::vector<float>&, uint32_t, const vk_symbiote::KVCacheEntry&)’
  147 |     Expected<std::vector<float>> attention_with_cache(const std::vector<float>& hidden, uint32_t layer_idx,
      |                                  ^~~~~~~~~~~~~~~~~~~~
/media/michael/external/Vulkan-Symbiote-Loader/vk_symbiote/include/vk_symbiote/VulkanSymbioteEngine.h:72:7: note: ‘class vk_symbiote::VulkanSymbioteEngine’ defined here
   72 | class VulkanSymbioteEngine {
      |       ^~~~~~~~~~~~~~~~~~~~
/media/michael/external/Vulkan-Symbiote-Loader/vk_symbiote/src/ShaderRuntime.cpp: In member function ‘std::string vk_symbiote::ShaderRuntime::generate_tuned_matmul_shader(uint32_t, uint32_t, uint32_t)’:
/media/michael/external/Vulkan-Symbiote-Loader/vk_symbiote/src/ShaderRuntime.cpp:732:66: warning: unused parameter ‘m’ [-Wunused-parameter]
  732 | std::string ShaderRuntime::generate_tuned_matmul_shader(uint32_t m, uint32_t n, uint32_t k) {
      |                                                         ~~~~~~~~~^
/media/michael/external/Vulkan-Symbiote-Loader/vk_symbiote/src/ShaderRuntime.cpp:732:78: warning: unused parameter ‘n’ [-Wunused-parameter]
  732 | std::string ShaderRuntime::generate_tuned_matmul_shader(uint32_t m, uint32_t n, uint32_t k) {
      |                                                                     ~~~~~~~~~^
/media/michael/external/Vulkan-Symbiote-Loader/vk_symbiote/src/ShaderRuntime.cpp:732:90: warning: unused parameter ‘k’ [-Wunused-parameter]
  732 | std::string ShaderRuntime::generate_tuned_matmul_shader(uint32_t m, uint32_t n, uint32_t k) {
      |                                                                                 ~~~~~~~~~^
/media/michael/external/Vulkan-Symbiote-Loader/vk_symbiote/src/ShaderRuntime.cpp: In member function ‘vk_symbiote::ShaderRuntime::DeviceCapabilities vk_symbiote::ShaderRuntime::query_device_capabilities() const’:
/media/michael/external/Vulkan-Symbiote-Loader/vk_symbiote/src/ShaderRuntime.cpp:813:10: error: ‘struct vk_symbiote::ShaderRuntime::DeviceCapabilities’ has no member named ‘shared_memory_size’
  813 |     caps.shared_memory_size = properties.limits.maxComputeSharedMemorySize;
      |          ^~~~~~~~~~~~~~~~~~
/media/michael/external/Vulkan-Symbiote-Loader/vk_symbiote/src/ShaderRuntime.cpp: In member function ‘std::string vk_symbiote::ShaderRuntime::generate_tuned_attention_shader(uint32_t, uint32_t)’:
/media/michael/external/Vulkan-Symbiote-Loader/vk_symbiote/src/ShaderRuntime.cpp:975:69: warning: unused parameter ‘seq_len’ [-Wunused-parameter]
  975 | std::string ShaderRuntime::generate_tuned_attention_shader(uint32_t seq_len, uint32_t head_dim) {
      |                                                            ~~~~~~~~~^~~~~~~
/media/michael/external/Vulkan-Symbiote-Loader/vk_symbiote/src/ShaderRuntime.cpp:975:87: warning: unused parameter ‘head_dim’ [-Wunused-parameter]
  975 | std::string ShaderRuntime::generate_tuned_attention_shader(uint32_t seq_len, uint32_t head_dim) {
      |                                                                              ~~~~~~~~~^~~~~~~~
/media/michael/external/Vulkan-Symbiote-Loader/vk_symbiote/src/VulkanSymbioteEngine.cpp: In member function ‘vk_symbiote::Expected<std::vector<float> > vk_symbiote::VulkanSymbioteEngine::attention(const std::vector<float>&, uint32_t)’:
/media/michael/external/Vulkan-Symbiote-Loader/vk_symbiote/src/VulkanSymbioteEngine.cpp:930:105: warning: unused parameter ‘layer_idx’ [-Wunused-parameter]
  930 | Expected<std::vector<float>> VulkanSymbioteEngine::attention(const std::vector<float>& hidden, uint32_t layer_idx) {
      |                                                                                                ~~~~~~~~~^~~~~~~~~
/media/michael/external/Vulkan-Symbiote-Loader/vk_symbiote/src/NomadPack.cpp: In constructor ‘vk_symbiote::MultiQueueManager::MultiQueueManager(VkDevice, VkPhysicalDevice)’:
/media/michael/external/Vulkan-Symbiote-Loader/vk_symbiote/src/NomadPack.cpp:270:31: error: use of deleted function ‘vk_symbiote::MultiQueueManager::QueueFamily& vk_symbiote::MultiQueueManager::QueueFamily::operator=(const vk_symbiote::MultiQueueManager::QueueFamily&)’
  270 |             transfer_queue_ = compute_queue_;
      |                               ^~~~~~~~~~~~~~
/media/michael/external/Vulkan-Symbiote-Loader/vk_symbiote/src/NomadPack.cpp:224:12: note: ‘vk_symbiote::MultiQueueManager::QueueFamily& vk_symbiote::MultiQueueManager::QueueFamily::operator=(const vk_symbiote::MultiQueueManager::QueueFamily&)’ is implicitly deleted because the default definition would be ill-formed:
  224 |     struct QueueFamily {
      |            ^~~~~~~~~~~
/media/michael/external/Vulkan-Symbiote-Loader/vk_symbiote/src/NomadPack.cpp:224:12: error: use of deleted function ‘std::mutex& std::mutex::operator=(const std::mutex&)’
In file included from /usr/include/c++/13/bits/atomic_wait.h:50,
                 from /usr/include/c++/13/bits/atomic_base.h:42,
                 from /usr/include/c++/13/bits/shared_ptr_atomic.h:33,
                 from /usr/include/c++/13/memory:81,
                 from /media/michael/external/Vulkan-Symbiote-Loader/vk_symbiote/include/vk_symbiote/Common.h:7,
                 from /media/michael/external/Vulkan-Symbiote-Loader/vk_symbiote/include/vk_symbiote/NomadPack.h:3,
                 from /media/michael/external/Vulkan-Symbiote-Loader/vk_symbiote/src/NomadPack.cpp:4:
/usr/include/c++/13/bits/std_mutex.h:108:12: note: declared here
  108 |     mutex& operator=(const mutex&) = delete;
      |            ^~~~~~~~
/media/michael/external/Vulkan-Symbiote-Loader/vk_symbiote/src/NomadPack.cpp:273:30: error: use of deleted function ‘vk_symbiote::MultiQueueManager::QueueFamily& vk_symbiote::MultiQueueManager::QueueFamily::operator=(const vk_symbiote::MultiQueueManager::QueueFamily&)’
  273 |             compute_queue_ = transfer_queue_;
      |                              ^~~~~~~~~~~~~~~
/media/michael/external/Vulkan-Symbiote-Loader/vk_symbiote/src/NomadPack.cpp:287:38: error: use of deleted function ‘vk_symbiote::MultiQueueManager::QueueFamily& vk_symbiote::MultiQueueManager::QueueFamily::operator=(const vk_symbiote::MultiQueueManager::QueueFamily&)’
  287 |                     compute_queue_ = transfer_queue_;
      |                                      ^~~~~~~~~~~~~~~
/media/michael/external/Vulkan-Symbiote-Loader/vk_symbiote/src/VulkanSymbioteEngine.cpp: In member function ‘vk_symbiote::Expected<std::vector<float> > vk_symbiote::VulkanSymbioteEngine::feed_forward(const std::vector<float>&, uint32_t)’:
/media/michael/external/Vulkan-Symbiote-Loader/vk_symbiote/src/VulkanSymbioteEngine.cpp:998:108: warning: unused parameter ‘layer_idx’ [-Wunused-parameter]
  998 | Expected<std::vector<float>> VulkanSymbioteEngine::feed_forward(const std::vector<float>& hidden, uint32_t layer_idx) {
      |                                                                                                   ~~~~~~~~~^~~~~~~~~
/media/michael/external/Vulkan-Symbiote-Loader/vk_symbiote/src/VulkanSymbioteEngine.cpp: In member function ‘vk_symbiote::Expected<std::vector<float> > vk_symbiote::VulkanSymbioteEngine::rms_norm(const std::vector<float>&, uint32_t)’:
/media/michael/external/Vulkan-Symbiote-Loader/vk_symbiote/src/VulkanSymbioteEngine.cpp:1057:104: warning: unused parameter ‘layer_idx’ [-Wunused-parameter]
 1057 | Expected<std::vector<float>> VulkanSymbioteEngine::rms_norm(const std::vector<float>& hidden, uint32_t layer_idx) {
      |                                                                                               ~~~~~~~~~^~~~~~~~~
/media/michael/external/Vulkan-Symbiote-Loader/vk_symbiote/src/NomadPack.cpp: In member function ‘uint64_t vk_symbiote::MultiQueueManager::submit_transfer(VkCommandBuffer, const std::string&)’:
/media/michael/external/Vulkan-Symbiote-Loader/vk_symbiote/src/NomadPack.cpp:334:68: error: lvalue required as unary ‘&’ operand
  334 |             submit.pSignalSemaphores = &timeline_mgr_.get_semaphore();
      |                                         ~~~~~~~~~~~~~~~~~~~~~~~~~~~^~
/media/michael/external/Vulkan-Symbiote-Loader/vk_symbiote/src/NomadPack.cpp: In member function ‘uint64_t vk_symbiote::MultiQueueManager::submit_compute_wait_transfer(VkCommandBuffer, uint64_t, const std::string&)’:
/media/michael/external/Vulkan-Symbiote-Loader/vk_symbiote/src/NomadPack.cpp:372:66: error: lvalue required as unary ‘&’ operand
  372 |             submit.pWaitSemaphores = &timeline_mgr_.get_semaphore();
      |                                       ~~~~~~~~~~~~~~~~~~~~~~~~~~~^~
/media/michael/external/Vulkan-Symbiote-Loader/vk_symbiote/src/NomadPack.cpp:375:68: error: lvalue required as unary ‘&’ operand
  375 |             submit.pSignalSemaphores = &timeline_mgr_.get_semaphore();
      |                                         ~~~~~~~~~~~~~~~~~~~~~~~~~~~^~
/media/michael/external/Vulkan-Symbiote-Loader/vk_symbiote/src/NomadPack.cpp:385:68: error: lvalue required as unary ‘&’ operand
  385 |             submit.pSignalSemaphores = &timeline_mgr_.get_semaphore();
      |                                         ~~~~~~~~~~~~~~~~~~~~~~~~~~~^~
/media/michael/external/Vulkan-Symbiote-Loader/vk_symbiote/src/VulkanSymbioteEngine.cpp: In member function ‘vk_symbiote::Expected<std::vector<float> > vk_symbiote::VulkanSymbioteEngine::apply_rope(const std::vector<float>&, uint32_t)’:
/media/michael/external/Vulkan-Symbiote-Loader/vk_symbiote/src/VulkanSymbioteEngine.cpp:1116:106: warning: unused parameter ‘position’ [-Wunused-parameter]
 1116 | Expected<std::vector<float>> VulkanSymbioteEngine::apply_rope(const std::vector<float>& hidden, uint32_t position) {
      |                                                                                                 ~~~~~~~~~^~~~~~~~
/media/michael/external/Vulkan-Symbiote-Loader/vk_symbiote/src/NomadPack.cpp: At global scope:
/media/michael/external/Vulkan-Symbiote-Loader/vk_symbiote/src/NomadPack.cpp:532:7: error: redefinition of ‘class vk_symbiote::FractalMemoryAllocator’
  532 | class FractalMemoryAllocator {
      |       ^~~~~~~~~~~~~~~~~~~~~~
/media/michael/external/Vulkan-Symbiote-Loader/vk_symbiote/include/vk_symbiote/NomadPack.h:57:7: note: previous definition of ‘class vk_symbiote::FractalMemoryAllocator’
   57 | class FractalMemoryAllocator {
      |       ^~~~~~~~~~~~~~~~~~~~~~
/media/michael/external/Vulkan-Symbiote-Loader/vk_symbiote/src/NomadPack.cpp: In member function ‘vk_symbiote::ExpectedVoid vk_symbiote::NomadPack::load_to_vram_timeline(VkCommandBuffer, VkDeviceSize, VkBuffer, VkDeviceSize)’:
/media/michael/external/Vulkan-Symbiote-Loader/vk_symbiote/src/NomadPack.cpp:1042:16: error: ‘load_to_vram_sync’ was not declared in this scope; did you mean ‘load_to_vram’?
 1042 |         return load_to_vram_sync(src_buffer, size);
      |                ^~~~~~~~~~~~~~~~~
      |                load_to_vram
/media/michael/external/Vulkan-Symbiote-Loader/vk_symbiote/src/NomadPack.cpp: In member function ‘vk_symbiote::ExpectedVoid vk_symbiote::PackManager::load_pack_with_timeline(uint64_t, VkCommandBuffer, VkBuffer, VkDeviceSize)’:
/media/michael/external/Vulkan-Symbiote-Loader/vk_symbiote/src/NomadPack.cpp:1177:11: error: ‘vk_symbiote::BufferRegion vk_symbiote::NomadPack::vram_region_’ is private within this context
 1177 |     pack->vram_region_ = region;
      |           ^~~~~~~~~~~~
/media/michael/external/Vulkan-Symbiote-Loader/vk_symbiote/include/vk_symbiote/NomadPack.h:156:18: note: declared private here
  156 |     BufferRegion vram_region_;
      |                  ^~~~~~~~~~~~
/media/michael/external/Vulkan-Symbiote-Loader/vk_symbiote/src/NomadPack.cpp: In member function ‘vk_symbiote::ExpectedVoid vk_symbiote::NomadPack::load_to_ram()’:
/media/michael/external/Vulkan-Symbiote-Loader/vk_symbiote/src/NomadPack.cpp:1231:24: error: ‘device_’ was not declared in this scope; did you mean ‘VkDevice_T’?
 1231 |         vkCreateBuffer(device_, &buffer_info, nullptr, &staging_buffer);
      |                        ^~~~~~~
      |                        VkDevice_T
/media/michael/external/Vulkan-Symbiote-Loader/vk_symbiote/src/NomadPack.cpp:1239:38: error: ‘find_memory_type’ was not declared in this scope
 1239 |         alloc_info.memoryTypeIndex = find_memory_type(mem_reqs.memoryTypeBits,
      |                                      ^~~~~~~~~~~~~~~~
/media/michael/external/Vulkan-Symbiote-Loader/vk_symbiote/src/NomadPack.cpp:1246:38: error: ‘begin_single_time_commands’ was not declared in this scope
 1246 |         VkCommandBuffer cmd_buffer = begin_single_time_commands();
      |                                      ^~~~~~~~~~~~~~~~~~~~~~~~~~
/media/michael/external/Vulkan-Symbiote-Loader/vk_symbiote/src/NomadPack.cpp:1252:9: error: ‘end_single_time_commands’ was not declared in this scope
 1252 |         end_single_time_commands(cmd_buffer);
      |         ^~~~~~~~~~~~~~~~~~~~~~~~
/media/michael/external/Vulkan-Symbiote-Loader/vk_symbiote/src/NomadPack.cpp:1257:21: error: cannot convert ‘uint8_t*’ {aka ‘unsigned char*’} to ‘float*’ in assignment
 1257 |         ram_data_ = new uint8_t[vram_region_.size];
      |                     ^~~~~~~~~~~~~~~~~~~~~~~~~~~~~~
      |                     |
      |                     uint8_t* {aka unsigned char*}
/media/michael/external/Vulkan-Symbiote-Loader/vk_symbiote/src/NomadPack.cpp: In member function ‘vk_symbiote::ExpectedVoid vk_symbiote::NomadPack::unload_from_vram()’:
/media/michael/external/Vulkan-Symbiote-Loader/vk_symbiote/src/NomadPack.cpp:1298:26: error: ‘vma_’ was not declared in this scope
 1298 |         vmaDestroyBuffer(vma_, vram_region_.buffer, vram_region_.allocation);
      |                          ^~~~
/media/michael/external/Vulkan-Symbiote-Loader/vk_symbiote/src/NomadPack.cpp: In member function ‘bool vk_symbiote::NomadPack::perform_migration(vk_symbiote::MemoryTier)’:
/media/michael/external/Vulkan-Symbiote-Loader/vk_symbiote/src/NomadPack.cpp:1308:12: warning: enumeration value ‘UNLOADED’ not handled in switch [-Wswitch]
 1308 |     switch (target) {
      |            ^
/media/michael/external/Vulkan-Symbiote-Loader/vk_symbiote/src/NomadPack.cpp: In member function ‘bool vk_symbiote::NomadPack::migrate_to_vram_sync(VkBuffer, VkDeviceSize)’:
/media/michael/external/Vulkan-Symbiote-Loader/vk_symbiote/src/NomadPack.cpp:1341:34: error: ‘begin_single_time_commands’ was not declared in this scope
 1341 |     VkCommandBuffer cmd_buffer = begin_single_time_commands();
      |                                  ^~~~~~~~~~~~~~~~~~~~~~~~~~
/media/michael/external/Vulkan-Symbiote-Loader/vk_symbiote/src/NomadPack.cpp:1350:5: error: ‘end_single_time_commands’ was not declared in this scope
 1350 |     end_single_time_commands(cmd_buffer);
      |     ^~~~~~~~~~~~~~~~~~~~~~~~
/media/michael/external/Vulkan-Symbiote-Loader/vk_symbiote/src/NomadPack.cpp: In member function ‘vk_symbiote::Expected<std::vector<float> > vk_symbiote::NomadPack::decompress_blosc()’:
/media/michael/external/Vulkan-Symbiote-Loader/vk_symbiote/src/NomadPack.cpp:1361:5: error: ‘Blosc2Compression’ was not declared in this scope; did you mean ‘compression::Blosc2Compression’?
 1361 |     Blosc2Compression blosc;
      |     ^~~~~~~~~~~~~~~~~
      |     compression::Blosc2Compression
/media/michael/external/Vulkan-Symbiote-Loader/vk_symbiote/src/../../compression/include/Blosc2Compression.h:18:11: note: ‘compression::Blosc2Compression’ declared here
   18 |     class Blosc2Compression : public CompressionBackend {
      |           ^~~~~~~~~~~~~~~~~
/media/michael/external/Vulkan-Symbiote-Loader/vk_symbiote/src/NomadPack.cpp:1362:19: error: ‘blosc’ was not declared in this scope
 1362 |     auto result = blosc.decompress(compressed_data_);
      |                   ^~~~~
/media/michael/external/Vulkan-Symbiote-Loader/vk_symbiote/src/NomadPack.cpp: At global scope:
/media/michael/external/Vulkan-Symbiote-Loader/vk_symbiote/src/NomadPack.cpp:1448:17: error: no declaration matches ‘VkCommandBuffer_T* vk_symbiote::NomadPack::begin_single_time_commands()’
 1448 | VkCommandBuffer NomadPack::begin_single_time_commands() {
      |                 ^~~~~~~~~
/media/michael/external/Vulkan-Symbiote-Loader/vk_symbiote/src/NomadPack.cpp:1448:17: note: no functions named ‘VkCommandBuffer_T* vk_symbiote::NomadPack::begin_single_time_commands()’
/media/michael/external/Vulkan-Symbiote-Loader/vk_symbiote/include/vk_symbiote/NomadPack.h:104:7: note: ‘class vk_symbiote::NomadPack’ defined here
  104 | class NomadPack {
      |       ^~~~~~~~~
/media/michael/external/Vulkan-Symbiote-Loader/vk_symbiote/src/NomadPack.cpp:1467:6: error: no declaration matches ‘void vk_symbiote::NomadPack::end_single_time_commands(VkCommandBuffer)’
 1467 | void NomadPack::end_single_time_commands(VkCommandBuffer cmd_buffer) {
      |      ^~~~~~~~~
/media/michael/external/Vulkan-Symbiote-Loader/vk_symbiote/src/NomadPack.cpp:1467:6: note: no functions named ‘void vk_symbiote::NomadPack::end_single_time_commands(VkCommandBuffer)’
/media/michael/external/Vulkan-Symbiote-Loader/vk_symbiote/include/vk_symbiote/NomadPack.h:104:7: note: ‘class vk_symbiote::NomadPack’ defined here
  104 | class NomadPack {
      |       ^~~~~~~~~
/media/michael/external/Vulkan-Symbiote-Loader/vk_symbiote/src/NomadPack.cpp:1481:10: error: no declaration matches ‘uint32_t vk_symbiote::NomadPack::find_memory_type(uint32_t, VkMemoryPropertyFlags)’
 1481 | uint32_t NomadPack::find_memory_type(uint32_t type_filter, VkMemoryPropertyFlags properties) {
      |          ^~~~~~~~~
/media/michael/external/Vulkan-Symbiote-Loader/vk_symbiote/src/NomadPack.cpp:1481:10: note: no functions named ‘uint32_t vk_symbiote::NomadPack::find_memory_type(uint32_t, VkMemoryPropertyFlags)’
/media/michael/external/Vulkan-Symbiote-Loader/vk_symbiote/include/vk_symbiote/NomadPack.h:104:7: note: ‘class vk_symbiote::NomadPack’ defined here
  104 | class NomadPack {
      |       ^~~~~~~~~
/media/michael/external/Vulkan-Symbiote-Loader/vk_symbiote/src/NomadPack.cpp: In member function ‘vk_symbiote::ExpectedVoid vk_symbiote::PackManager::prefetch_packs(const std::vector<long unsigned int>&, float)’:
/media/michael/external/Vulkan-Symbiote-Loader/vk_symbiote/src/NomadPack.cpp:1551:36: error: ‘bool vk_symbiote::NomadPack::perform_migration(vk_symbiote::MemoryTier)’ is private within this context
 1551 |             pack->perform_migration(MemoryTier::RAM_WARM);
      |             ~~~~~~~~~~~~~~~~~~~~~~~^~~~~~~~~~~~~~~~~~~~~~
/media/michael/external/Vulkan-Symbiote-Loader/vk_symbiote/src/NomadPack.cpp:1305:6: note: declared private here
 1305 | bool NomadPack::perform_migration(MemoryTier target) {
      |      ^~~~~~~~~
/media/michael/external/Vulkan-Symbiote-Loader/vk_symbiote/src/NomadPack.cpp:1555:63: error: ‘using std::__shared_ptr_access<vk_symbiote::NomadPack, __gnu_cxx::_S_atomic, false, false>::element_type = class vk_symbiote::NomadPack’ {aka ‘class vk_symbiote::NomadPack’} has no member named ‘compressed_size’; did you mean ‘std::vector<unsigned char> vk_symbiote::NomadPack::compressed_data_’? (not accessible from this context)
 1555 |                 auto region = vram_allocator_->allocate(pack->compressed_size());
      |                                                               ^~~~~~~~~~~~~~~
/media/michael/external/Vulkan-Symbiote-Loader/vk_symbiote/include/vk_symbiote/NomadPack.h:157:26: note: declared private here
  157 |     std::vector<uint8_t> compressed_data_;
      |                          ^~~~~~~~~~~~~~~~
/media/michael/external/Vulkan-Symbiote-Loader/vk_symbiote/src/NomadPack.cpp: In member function ‘vk_symbiote::ExpectedVoid vk_symbiote::PackManager::evict_until(uint64_t)’:
/media/michael/external/Vulkan-Symbiote-Loader/vk_symbiote/src/NomadPack.cpp:1590:36: error: ‘bool vk_symbiote::NomadPack::perform_migration(vk_symbiote::MemoryTier)’ is private within this context
 1590 |             pack->perform_migration(MemoryTier::RAM_WARM);
      |             ~~~~~~~~~~~~~~~~~~~~~~~^~~~~~~~~~~~~~~~~~~~~~
/media/michael/external/Vulkan-Symbiote-Loader/vk_symbiote/src/NomadPack.cpp:1305:6: note: declared private here
 1305 | bool NomadPack::perform_migration(MemoryTier target) {
      |      ^~~~~~~~~
/media/michael/external/Vulkan-Symbiote-Loader/vk_symbiote/src/NomadPack.cpp: In member function ‘void vk_symbiote::PackManager::prefetch_worker_loop()’:
/media/michael/external/Vulkan-Symbiote-Loader/vk_symbiote/src/NomadPack.cpp:1621:12: error: ‘running_’ was not declared in this scope
 1621 |     while (running_) {
      |            ^~~~~~~~
/media/michael/external/Vulkan-Symbiote-Loader/vk_symbiote/src/NomadPack.cpp:1622:43: error: ‘prefetch_mutex_’ was not declared in this scope; did you mean ‘prefetch_queue_’?
 1622 |         std::unique_lock<std::mutex> lock(prefetch_mutex_);
      |                                           ^~~~~~~~~~~~~~~
      |                                           prefetch_queue_
/media/michael/external/Vulkan-Symbiote-Loader/vk_symbiote/src/NomadPack.cpp: In lambda function:
/media/michael/external/Vulkan-Symbiote-Loader/vk_symbiote/src/NomadPack.cpp:1624:49: error: ‘running_’ is not captured
 1624 |             return !prefetch_queue_.empty() || !running_;
      |                                                 ^~~~~~~~
/media/michael/external/Vulkan-Symbiote-Loader/vk_symbiote/src/NomadPack.cpp:1623:74: note: the lambda has no capture-default
 1623 |         prefetch_cv_.wait_for(lock, std::chrono::milliseconds(100), [this] {
      |                                                                          ^
/media/michael/external/Vulkan-Symbiote-Loader/vk_symbiote/src/NomadPack.cpp:1621:12: note: ‘<typeprefixerror>running_’ declared here
 1621 |     while (running_) {
      |            ^~~~~~~~
/media/michael/external/Vulkan-Symbiote-Loader/vk_symbiote/src/NomadPack.cpp: In member function ‘void vk_symbiote::PackManager::prefetch_worker_loop()’:
/media/michael/external/Vulkan-Symbiote-Loader/vk_symbiote/src/NomadPack.cpp:1639:44: error: ‘bool vk_symbiote::NomadPack::perform_migration(vk_symbiote::MemoryTier)’ is private within this context
 1639 |                     pack->perform_migration(MemoryTier::RAM_WARM);
      |                     ~~~~~~~~~~~~~~~~~~~~~~~^~~~~~~~~~~~~~~~~~~~~~
/media/michael/external/Vulkan-Symbiote-Loader/vk_symbiote/src/NomadPack.cpp:1305:6: note: declared private here
 1305 | bool NomadPack::perform_migration(MemoryTier target) {
      |      ^~~~~~~~~
/media/michael/external/Vulkan-Symbiote-Loader/vk_symbiote/src/NomadPack.cpp: In member function ‘vk_symbiote::Expected<std::vector<float> > vk_symbiote::NomadPack::decompress_zfp()’:
/media/michael/external/Vulkan-Symbiote-Loader/vk_symbiote/src/NomadPack.cpp:1712:33: error: ‘struct vk_symbiote::PackMetadata’ has no member named ‘n_dimensions’
 1712 |     uint32_t n_dims = metadata_.n_dimensions;
      |                                 ^~~~~~~~~~~~
/media/michael/external/Vulkan-Symbiote-Loader/vk_symbiote/src/NomadPack.cpp:1719:31: error: ‘struct vk_symbiote::PackMetadata’ has no member named ‘dimensions’
 1719 |     for (auto dim : metadata_.dimensions) {
      |                               ^~~~~~~~~~
/media/michael/external/Vulkan-Symbiote-Loader/vk_symbiote/src/NomadPack.cpp:1723:5: error: ‘ZFPCompression’ was not declared in this scope; did you mean ‘compression’?
 1723 |     ZFPCompression zfp;
      |     ^~~~~~~~~~~~~~
      |     compression
